android/lib-screensharing/build/intermediates/manifest_merge_blame_file/debug/manifest-merger-blame-debug-report.txt
1<?xml version="1.0" encoding="utf-8"?>
2<manifest xmlns:android="http://schemas.android.com/apk/res/android"
3    package="io.agora.rtc.ss" >
4
5    <uses-sdk
6        android:minSdkVersion="19"
6-->src\main\AndroidManifest.xml
7        android:targetSdkVersion="29" />
7-->src\main\AndroidManifest.xml
8
9    <uses-permission android:name="android.permission.INTERNET" />
9-->src\main\AndroidManifest.xml:5:5-67
9-->src\main\AndroidManifest.xml:5:22-64
10    <uses-permission android:name="android.permission.ACCESS_NETWORK_STATE" />
10-->src\main\AndroidManifest.xml:6:5-79
10-->src\main\AndroidManifest.xml:6:22-76
11    <uses-permission android:name="android.permission.WRITE_EXTERNAL_STORAGE" />
11-->src\main\AndroidManifest.xml:7:5-81
11-->src\main\AndroidManifest.xml:7:22-78
12    <uses-permission android:name="android.permission.FOREGROUND_SERVICE" />
12-->src\main\AndroidManifest.xml:8:5-77
12-->src\main\AndroidManifest.xml:8:22-74
13
14    <application>
14-->src\main\AndroidManifest.xml:10:5-26:19
15        <activity
15-->src\main\AndroidManifest.xml:11:9-15:64
16            android:name="io.agora.rtc.ss.impl.ScreenCapture$ScreenCaptureAssistantActivity"
16-->src\main\AndroidManifest.xml:12:13-78
17            android:process=":screensharingsvc"
17-->src\main\AndroidManifest.xml:13:13-48
18            android:screenOrientation="fullUser"
18-->src\main\AndroidManifest.xml:14:13-49
19            android:theme="@android:style/Theme.Translucent" />
19-->src\main\AndroidManifest.xml:15:13-61
20
21        <service
21-->src\main\AndroidManifest.xml:16:9-25:19
22            android:name="io.agora.rtc.ss.impl.ScreenSharingService"
22-->src\main\AndroidManifest.xml:17:13-54
23            android:exported="true"
23-->src\main\AndroidManifest.xml:20:13-36
24            android:foregroundServiceType="mediaProjection"
24-->src\main\AndroidManifest.xml:18:13-60
25            android:process=":screensharingsvc" >
25-->src\main\AndroidManifest.xml:19:13-48
26            <intent-filter>
26-->src\main\AndroidManifest.xml:22:13-24:29
27                <action android:name="android.intent.action.screenshare" />
27-->src\main\AndroidManifest.xml:23:17-76
27-->src\main\AndroidManifest.xml:23:25-73
28            </intent-filter>
29        </service>
30    </application>
31
32</manifest>